This file contains any messages produced by compilers while
running configure, to aid debugging if configure makes a mistake.

It was created by e4b configure 0.1, which was
generated by GNU Autoconf 2.67.  Invocation command line was

  $ ./configure --with-mysql-bin=/usr/local/mysql/bin --with-mysql-include=/usr/local/mysql/include --with-mysql-plugin=/usr/local/mysql/lib/plugin --with-mysql-source=/Users/dacb/mysql/mysql-5.5.11 --with-mysql=/usr/local/mysql

## --------- ##
## Platform. ##
## --------- ##

hostname = d-128-208-236-147.dhcp4.washington.edu
uname -m = i386
uname -r = 10.7.0
uname -s = Darwin
uname -v = Darwin Kernel Version 10.7.0: Sat Jan 29 15:17:16 PST 2011; root:xnu-1504.9.37~1/RELEASE_I386

/usr/bin/uname -p = i386
/bin/uname -X     = unknown

/bin/arch              = unknown
/usr/bin/arch -k       = unknown
/usr/convex/getsysinfo = unknown
/usr/bin/hostinfo      = Mach kernel version:
	 Darwin Kernel Version 10.7.0: Sat Jan 29 15:17:16 PST 2011; root:xnu-1504.9.37~1/RELEASE_I386
Kernel configured for up to 2 processors.
2 processors are physically available.
2 processors are logically available.
Processor type: i486 (Intel 80486)
Processors active: 0 1
Primary memory available: 4.00 gigabytes
Default processor set: 84 tasks, 326 threads, 2 processors
Load average: 0.47, Mach factor: 1.52
/bin/machine           = unknown
/usr/bin/oslevel       = unknown
/bin/universe          = unknown

PATH: /opt/local/bin
PATH: /opt/local/sbin
PATH: /opt/local/bin
PATH: /opt/local/sbin
PATH: /opt/local/bin
PATH: /usr/local/mysql/bin
PATH: /Users/dacb/bin
PATH: /Users/dacb/BLAST/bin
PATH: /usr/bin
PATH: /bin
PATH: /usr/sbin
PATH: /sbin
PATH: /usr/local/bin
PATH: /usr/local/ncbi/blast/bin
PATH: /usr/X11/bin
PATH: /usr/local/CrossPack-AVR/bin
PATH: /usr/local/cuda/bin
PATH: /usr/local/mysql-5.1.33-osx10.5-x86_64/bin


## ----------- ##
## Core tests. ##
## ----------- ##

configure:2358: checking for gcc
configure:2374: found /usr/bin/gcc
configure:2385: result: gcc
configure:2614: checking for C compiler version
configure:2623: gcc --version >&5
i686-apple-darwin10-gcc-4.2.1 (GCC) 4.2.1 (Apple Inc. build 5666) (dot 3)
Copyright (C) 2007 Free Software Foundation, Inc.
This is free software; see the source for copying conditions.  There is NO
warranty; not even for MERCHANTABILITY or FITNESS FOR A PARTICULAR PURPOSE.

configure:2634: $? = 0
configure:2623: gcc -v >&5
Using built-in specs.
Target: i686-apple-darwin10
Configured with: /var/tmp/gcc/gcc-5666.3~6/src/configure --disable-checking --enable-werror --prefix=/usr --mandir=/share/man --enable-languages=c,objc,c++,obj-c++ --program-transform-name=/^[cg][^.-]*$/s/$/-4.2/ --with-slibdir=/usr/lib --build=i686-apple-darwin10 --program-prefix=i686-apple-darwin10- --host=x86_64-apple-darwin10 --target=i686-apple-darwin10 --with-gxx-include-dir=/include/c++/4.2.1
Thread model: posix
gcc version 4.2.1 (Apple Inc. build 5666) (dot 3)
configure:2634: $? = 0
configure:2623: gcc -V >&5
gcc-4.2: argument to `-V' is missing
configure:2634: $? = 1
configure:2623: gcc -qversion >&5
i686-apple-darwin10-gcc-4.2.1: no input files
configure:2634: $? = 1
configure:2654: checking whether the C compiler works
configure:2676: gcc    conftest.c  >&5
configure:2680: $? = 0
configure:2728: result: yes
configure:2731: checking for C compiler default output file name
configure:2733: result: a.out
configure:2739: checking for suffix of executables
configure:2746: gcc -o conftest    conftest.c  >&5
configure:2750: $? = 0
configure:2772: result: 
configure:2794: checking whether we are cross compiling
configure:2802: gcc -o conftest    conftest.c  >&5
configure:2806: $? = 0
configure:2813: ./conftest
configure:2817: $? = 0
configure:2832: result: no
configure:2837: checking for suffix of object files
configure:2859: gcc -c   conftest.c >&5
configure:2863: $? = 0
configure:2884: result: o
configure:2888: checking whether we are using the GNU C compiler
configure:2907: gcc -c   conftest.c >&5
configure:2907: $? = 0
configure:2916: result: yes
configure:2925: checking whether gcc accepts -g
configure:2945: gcc -c -g  conftest.c >&5
configure:2945: $? = 0
configure:2986: result: yes
configure:3003: checking for gcc option to accept ISO C89
configure:3067: gcc  -c -g -O2  conftest.c >&5
configure:3067: $? = 0
configure:3080: result: none needed
configure:3121: checking for pkg-config
configure:3139: found /opt/local/bin/pkg-config
configure:3151: result: /opt/local/bin/pkg-config
configure:3207: checking whether compiling and linking against OpenSSL works
Trying link with OPENSSL_LDFLAGS=-L/opt/local/lib  ; OPENSSL_LIBS=-lssl -lcrypto -lz  ; OPENSSL_INCLUDES=-I/opt/local/include  
configure:3229: gcc -o conftest -g -O2 -I/opt/local/include     -L/opt/local/lib   conftest.c -lssl -lcrypto -lz    >&5
configure:3229: $? = 0
configure:3231: result: yes
configure:3305: checking for gcc
configure:3332: result: gcc
configure:3561: checking for C compiler version
configure:3570: gcc --version >&5
i686-apple-darwin10-gcc-4.2.1 (GCC) 4.2.1 (Apple Inc. build 5666) (dot 3)
Copyright (C) 2007 Free Software Foundation, Inc.
This is free software; see the source for copying conditions.  There is NO
warranty; not even for MERCHANTABILITY or FITNESS FOR A PARTICULAR PURPOSE.

configure:3581: $? = 0
configure:3570: gcc -v >&5
Using built-in specs.
Target: i686-apple-darwin10
Configured with: /var/tmp/gcc/gcc-5666.3~6/src/configure --disable-checking --enable-werror --prefix=/usr --mandir=/share/man --enable-languages=c,objc,c++,obj-c++ --program-transform-name=/^[cg][^.-]*$/s/$/-4.2/ --with-slibdir=/usr/lib --build=i686-apple-darwin10 --program-prefix=i686-apple-darwin10- --host=x86_64-apple-darwin10 --target=i686-apple-darwin10 --with-gxx-include-dir=/include/c++/4.2.1
Thread model: posix
gcc version 4.2.1 (Apple Inc. build 5666) (dot 3)
configure:3581: $? = 0
configure:3570: gcc -V >&5
gcc-4.2: argument to `-V' is missing
configure:3581: $? = 1
configure:3570: gcc -qversion >&5
i686-apple-darwin10-gcc-4.2.1: no input files
configure:3581: $? = 1
configure:3585: checking whether we are using the GNU C compiler
configure:3613: result: yes
configure:3622: checking whether gcc accepts -g
configure:3683: result: yes
configure:3700: checking for gcc option to accept ISO C89
configure:3777: result: none needed
configure:3855: checking for g++
configure:3871: found /usr/bin/g++
configure:3882: result: g++
configure:3909: checking for C++ compiler version
configure:3918: g++ --version >&5
i686-apple-darwin10-g++-4.2.1 (GCC) 4.2.1 (Apple Inc. build 5666) (dot 3)
Copyright (C) 2007 Free Software Foundation, Inc.
This is free software; see the source for copying conditions.  There is NO
warranty; not even for MERCHANTABILITY or FITNESS FOR A PARTICULAR PURPOSE.

configure:3929: $? = 0
configure:3918: g++ -v >&5
Using built-in specs.
Target: i686-apple-darwin10
Configured with: /var/tmp/gcc/gcc-5666.3~6/src/configure --disable-checking --enable-werror --prefix=/usr --mandir=/share/man --enable-languages=c,objc,c++,obj-c++ --program-transform-name=/^[cg][^.-]*$/s/$/-4.2/ --with-slibdir=/usr/lib --build=i686-apple-darwin10 --program-prefix=i686-apple-darwin10- --host=x86_64-apple-darwin10 --target=i686-apple-darwin10 --with-gxx-include-dir=/include/c++/4.2.1
Thread model: posix
gcc version 4.2.1 (Apple Inc. build 5666) (dot 3)
configure:3929: $? = 0
configure:3918: g++ -V >&5
g++-4.2: argument to `-V' is missing
configure:3929: $? = 1
configure:3918: g++ -qversion >&5
i686-apple-darwin10-g++-4.2.1: no input files
configure:3929: $? = 1
configure:3933: checking whether we are using the GNU C++ compiler
configure:3952: g++ -c   conftest.cpp >&5
configure:3952: $? = 0
configure:3961: result: yes
configure:3970: checking whether g++ accepts -g
configure:3990: g++ -c -g  conftest.cpp >&5
configure:3990: $? = 0
configure:4031: result: yes
configure:4161: checking for Expat XML Parser headers in /usr/include
configure:4185: g++ -c -g -O2  -I/usr/include conftest.cpp >&5
configure:4185: $? = 0
configure:4189: result: found
configure:4210: checking for Expat XML Parser libraries
configure:4238: g++ -o conftest -g -O2  -I/usr/include  conftest.cpp  -L/usr/lib -lexpat >&5
configure:4238: $? = 0
configure:4242: result: found
configure:4267: checking for Expat XML Parser
configure:4281: result: yes
configure:4290: checking if Expat XML Parser version is >= 1.9
configure:4327: result: yes
configure:4367: checking how to run the C++ preprocessor
configure:4394: g++ -E  conftest.cpp
configure:4394: $? = 0
configure:4408: g++ -E  conftest.cpp
conftest.cpp:9:28: error: ac_nonexistent.h: No such file or directory
configure:4408: $? = 1
configure: failed program was:
| /* confdefs.h */
| #define PACKAGE_NAME "e4b"
| #define PACKAGE_TARNAME "e4b"
| #define PACKAGE_VERSION "0.1"
| #define PACKAGE_STRING "e4b 0.1"
| #define PACKAGE_BUGREPORT ""
| #define PACKAGE_URL ""
| /* end confdefs.h.  */
| #include <ac_nonexistent.h>
configure:4433: result: g++ -E
configure:4453: g++ -E  conftest.cpp
configure:4453: $? = 0
configure:4467: g++ -E  conftest.cpp
conftest.cpp:9:28: error: ac_nonexistent.h: No such file or directory
configure:4467: $? = 1
configure: failed program was:
| /* confdefs.h */
| #define PACKAGE_NAME "e4b"
| #define PACKAGE_TARNAME "e4b"
| #define PACKAGE_VERSION "0.1"
| #define PACKAGE_STRING "e4b 0.1"
| #define PACKAGE_BUGREPORT ""
| #define PACKAGE_URL ""
| /* end confdefs.h.  */
| #include <ac_nonexistent.h>
configure:4496: checking for grep that handles long lines and -e
configure:4554: result: /usr/bin/grep
configure:4559: checking for egrep
configure:4621: result: /usr/bin/grep -E
configure:4626: checking for ANSI C header files
configure:4646: g++ -c -g -O2  conftest.cpp >&5
configure:4646: $? = 0
configure:4719: g++ -o conftest -g -O2   conftest.cpp  -L/usr/lib -lexpat >&5
configure:4719: $? = 0
configure:4719: ./conftest
configure:4719: $? = 0
configure:4730: result: yes
configure:4743: checking for sys/types.h
configure:4743: g++ -c -g -O2  conftest.cpp >&5
configure:4743: $? = 0
configure:4743: result: yes
configure:4743: checking for sys/stat.h
configure:4743: g++ -c -g -O2  conftest.cpp >&5
configure:4743: $? = 0
configure:4743: result: yes
configure:4743: checking for stdlib.h
configure:4743: g++ -c -g -O2  conftest.cpp >&5
configure:4743: $? = 0
configure:4743: result: yes
configure:4743: checking for string.h
configure:4743: g++ -c -g -O2  conftest.cpp >&5
configure:4743: $? = 0
configure:4743: result: yes
configure:4743: checking for memory.h
configure:4743: g++ -c -g -O2  conftest.cpp >&5
configure:4743: $? = 0
configure:4743: result: yes
configure:4743: checking for strings.h
configure:4743: g++ -c -g -O2  conftest.cpp >&5
configure:4743: $? = 0
configure:4743: result: yes
configure:4743: checking for inttypes.h
configure:4743: g++ -c -g -O2  conftest.cpp >&5
configure:4743: $? = 0
configure:4743: result: yes
configure:4743: checking for stdint.h
configure:4743: g++ -c -g -O2  conftest.cpp >&5
configure:4743: $? = 0
configure:4743: result: yes
configure:4743: checking for unistd.h
configure:4743: g++ -c -g -O2  conftest.cpp >&5
configure:4743: $? = 0
configure:4743: result: yes
configure:4769: checking for mysql
configure:4785: found /usr/local/mysql/bin/mysql
configure:4797: result: yes
configure:4808: checking for mysql
configure:4836: result: no
configure:4860: checking /usr/local/mysql/include/mysql/mysql_version.h usability
configure:4860: g++ -c -g -O2  conftest.cpp >&5
conftest.cpp:52:58: error: /usr/local/mysql/include/mysql/mysql_version.h: No such file or directory
configure:4860: $? = 1
configure: failed program was:
| /* confdefs.h */
| #define PACKAGE_NAME "e4b"
| #define PACKAGE_TARNAME "e4b"
| #define PACKAGE_VERSION "0.1"
| #define PACKAGE_STRING "e4b 0.1"
| #define PACKAGE_BUGREPORT ""
| #define PACKAGE_URL ""
| #define STDC_HEADERS 1
| #define HAVE_SYS_TYPES_H 1
| #define HAVE_SYS_STAT_H 1
| #define HAVE_STDLIB_H 1
| #define HAVE_STRING_H 1
| #define HAVE_MEMORY_H 1
| #define HAVE_STRINGS_H 1
| #define HAVE_INTTYPES_H 1
| #define HAVE_STDINT_H 1
| #define HAVE_UNISTD_H 1
| /* end confdefs.h.  */
| #include <stdio.h>
| #ifdef HAVE_SYS_TYPES_H
| # include <sys/types.h>
| #endif
| #ifdef HAVE_SYS_STAT_H
| # include <sys/stat.h>
| #endif
| #ifdef STDC_HEADERS
| # include <stdlib.h>
| # include <stddef.h>
| #else
| # ifdef HAVE_STDLIB_H
| #  include <stdlib.h>
| # endif
| #endif
| #ifdef HAVE_STRING_H
| # if !defined STDC_HEADERS && defined HAVE_MEMORY_H
| #  include <memory.h>
| # endif
| # include <string.h>
| #endif
| #ifdef HAVE_STRINGS_H
| # include <strings.h>
| #endif
| #ifdef HAVE_INTTYPES_H
| # include <inttypes.h>
| #endif
| #ifdef HAVE_STDINT_H
| # include <stdint.h>
| #endif
| #ifdef HAVE_UNISTD_H
| # include <unistd.h>
| #endif
| #include </usr/local/mysql/include/mysql/mysql_version.h>
configure:4860: result: no
configure:4860: checking /usr/local/mysql/include/mysql/mysql_version.h presence
configure:4860: g++ -E  conftest.cpp
conftest.cpp:19:58: error: /usr/local/mysql/include/mysql/mysql_version.h: No such file or directory
configure:4860: $? = 1
configure: failed program was:
| /* confdefs.h */
| #define PACKAGE_NAME "e4b"
| #define PACKAGE_TARNAME "e4b"
| #define PACKAGE_VERSION "0.1"
| #define PACKAGE_STRING "e4b 0.1"
| #define PACKAGE_BUGREPORT ""
| #define PACKAGE_URL ""
| #define STDC_HEADERS 1
| #define HAVE_SYS_TYPES_H 1
| #define HAVE_SYS_STAT_H 1
| #define HAVE_STDLIB_H 1
| #define HAVE_STRING_H 1
| #define HAVE_MEMORY_H 1
| #define HAVE_STRINGS_H 1
| #define HAVE_INTTYPES_H 1
| #define HAVE_STDINT_H 1
| #define HAVE_UNISTD_H 1
| /* end confdefs.h.  */
| #include </usr/local/mysql/include/mysql/mysql_version.h>
configure:4860: result: no
configure:4860: checking for /usr/local/mysql/include/mysql/mysql_version.h
configure:4860: result: no
configure:4871: checking /usr/local/mysql/include/mysql_version.h usability
configure:4871: g++ -c -g -O2  conftest.cpp >&5
configure:4871: $? = 0
configure:4871: result: yes
configure:4871: checking /usr/local/mysql/include/mysql_version.h presence
configure:4871: g++ -E  conftest.cpp
configure:4871: $? = 0
configure:4871: result: yes
configure:4871: checking for /usr/local/mysql/include/mysql_version.h
configure:4871: result: yes
configure:4881: checking for /usr/local/mysql/lib/mysql/plugin/mypluglib.so
configure:4895: result: no
configure:4907: checking for /usr/local/mysql/lib/plugin/mypluglib.so
configure:4921: result: yes
configure:4932: checking for mysql
configure:4948: found /usr/local/mysql/bin/mysql
configure:4960: result: /usr/local/mysql/bin/
configure:5129: checking for /usr/local/mysql/include/mysql/mysql_version.h
configure:5129: result: no
configure:5140: checking for /usr/local/mysql/include/mysql_version.h
configure:5140: result: yes
configure:5150: checking for /usr/local/mysql/lib/mysql/plugin/mypluglib.so
configure:5164: result: no
configure:5176: checking for /usr/local/mysql/lib/plugin/mypluglib.so
configure:5190: result: yes
configure:5201: checking for mysql
configure:5229: result: /usr/local/mysql/bin/
configure:5271: checking for /usr/local/mysql/lib/plugin/mypluglib.so
configure:5285: result: yes
configure:5305: checking for /usr/local/mysql/include/mysql_version.h
configure:5305: result: yes
configure:5320: checking for mysql
configure:5348: result: /usr/local/mysql/bin/
configure:5397: checking MySQL Architecture
configure:5401: result: 64
configure:5407: checking MySQL Version
configure:5411: result: 5.5.11
configure:5415: checking if MySQL install supports Plugins
configure:5431: result: yes
configure:5664: creating ./config.status

## ---------------------- ##
## Running config.status. ##
## ---------------------- ##

This file was extended by e4b config.status 0.1, which was
generated by GNU Autoconf 2.67.  Invocation command line was

  CONFIG_FILES    = 
  CONFIG_HEADERS  = 
  CONFIG_LINKS    = 
  CONFIG_COMMANDS = 
  $ ./config.status 

on d-128-208-236-147.dhcp4.washington.edu

config.status:757: creating Makefile
config.status:757: creating protXML/Makefile
configure:6824: creating ./config.status

## ---------------------- ##
## Running config.status. ##
## ---------------------- ##

This file was extended by e4b config.status 0.1, which was
generated by GNU Autoconf 2.67.  Invocation command line was

  CONFIG_FILES    = 
  CONFIG_HEADERS  = 
  CONFIG_LINKS    = 
  CONFIG_COMMANDS = 
  $ ./config.status 

on d-128-208-236-147.dhcp4.washington.edu

config.status:760: creating fasta/Makefile
config.status:760: creating fasta/ha_fasta.cc
config.status:760: creating fasta/ha_fasta.h
configure:7987: creating ./config.status

## ---------------------- ##
## Running config.status. ##
## ---------------------- ##

This file was extended by e4b config.status 0.1, which was
generated by GNU Autoconf 2.67.  Invocation command line was

  CONFIG_FILES    = 
  CONFIG_HEADERS  = 
  CONFIG_LINKS    = 
  CONFIG_COMMANDS = 
  $ ./config.status 

on d-128-208-236-147.dhcp4.washington.edu

config.status:763: creating fastq/Makefile
config.status:763: creating fastq/ha_fastq.cc
config.status:763: creating fastq/ha_fastq.h
configure:9153: creating ./config.status

## ---------------------- ##
## Running config.status. ##
## ---------------------- ##

This file was extended by e4b config.status 0.1, which was
generated by GNU Autoconf 2.67.  Invocation command line was

  CONFIG_FILES    = 
  CONFIG_HEADERS  = 
  CONFIG_LINKS    = 
  CONFIG_COMMANDS = 
  $ ./config.status 

on d-128-208-236-147.dhcp4.washington.edu

config.status:766: creating blast_fmt6/Makefile
config.status:766: creating blast_fmt6/ha_blast_fmt6.cc
config.status:766: creating blast_fmt6/ha_blast_fmt6.h
configure:10177: Engines for biology has been configured. Please run the make files created by this script:
configure:10179: $ make
configure:10181: $ make install

## ---------------- ##
## Cache variables. ##
## ---------------- ##

ac_cv_c_compiler_gnu=yes
ac_cv_cxx_compiler_gnu=yes
ac_cv_env_CCC_set=
ac_cv_env_CCC_value=
ac_cv_env_CC_set=
ac_cv_env_CC_value=
ac_cv_env_CFLAGS_set=
ac_cv_env_CFLAGS_value=
ac_cv_env_CPPFLAGS_set=
ac_cv_env_CPPFLAGS_value=
ac_cv_env_CXXCPP_set=
ac_cv_env_CXXCPP_value=
ac_cv_env_CXXFLAGS_set=
ac_cv_env_CXXFLAGS_value=
ac_cv_env_CXX_set=
ac_cv_env_CXX_value=
ac_cv_env_LDFLAGS_set=
ac_cv_env_LDFLAGS_value=
ac_cv_env_LIBS_set=
ac_cv_env_LIBS_value=
ac_cv_env_build_alias_set=
ac_cv_env_build_alias_value=
ac_cv_env_host_alias_set=
ac_cv_env_host_alias_value=
ac_cv_env_target_alias_set=
ac_cv_env_target_alias_value=
ac_cv_file__usr_local_mysql_lib_mysql_plugin_mypluglib_so=no
ac_cv_file__usr_local_mysql_lib_plugin_mypluglib_so=yes
ac_cv_header__usr_local_mysql_include_mysql_mysql_version_h=no
ac_cv_header__usr_local_mysql_include_mysql_version_h=yes
ac_cv_header_inttypes_h=yes
ac_cv_header_memory_h=yes
ac_cv_header_stdc=yes
ac_cv_header_stdint_h=yes
ac_cv_header_stdlib_h=yes
ac_cv_header_string_h=yes
ac_cv_header_strings_h=yes
ac_cv_header_sys_stat_h=yes
ac_cv_header_sys_types_h=yes
ac_cv_header_unistd_h=yes
ac_cv_objext=o
ac_cv_path_EGREP='/usr/bin/grep -E'
ac_cv_path_GREP=/usr/bin/grep
ac_cv_path_PKG_CONFIG=/opt/local/bin/pkg-config
ac_cv_prog_CXXCPP='g++ -E'
ac_cv_prog_ac_ct_CC=gcc
ac_cv_prog_ac_ct_CXX=g++
ac_cv_prog_cc_c89=
ac_cv_prog_cc_g=yes
ac_cv_prog_cxx_g=yes
ac_cv_prog_mysql_bin_test=/usr/local/mysql/bin/
ac_cv_prog_mysqlpackage=no
ac_cv_prog_mysqlsource=yes

## ----------------- ##
## Output variables. ##
## ----------------- ##

CC='gcc'
CFLAGS='-g -O2'
CPPFLAGS=''
CXX='g++'
CXXCPP='g++ -E'
CXXFLAGS='-g -O2'
DEFS='-DPACKAGE_NAME=\"e4b\" -DPACKAGE_TARNAME=\"e4b\" -DPACKAGE_VERSION=\"0.1\" -DPACKAGE_STRING=\"e4b\ 0.1\" -DPACKAGE_BUGREPORT=\"\" -DPACKAGE_URL=\"\" -DSTDC_HEADERS=1 -DHAVE_SYS_TYPES_H=1 -DHAVE_SYS_STAT_H=1 -DHAVE_STDLIB_H=1 -DHAVE_STRING_H=1 -DHAVE_MEMORY_H=1 -DHAVE_STRINGS_H=1 -DHAVE_INTTYPES_H=1 -DHAVE_STDINT_H=1 -DHAVE_UNISTD_H=1'
ECHO_C='\c'
ECHO_N=''
ECHO_T=''
EGREP='/usr/bin/grep -E'
ENGINE='BLAST_FMT6'
EXEEXT=''
EXPAT_CFLAGS='-I/usr/include'
EXPAT_LIBS='-L/usr/lib -lexpat'
EXPAT_VERSION='2.0.1'
GREP='/usr/bin/grep'
LDFLAGS=''
LIBOBJS=''
LIBS=' -L/usr/lib -lexpat'
LTLIBOBJS=''
MYSQL_55='yes'
MYSQL_ARCHITECTURE='64'
MYSQL_COMMANDS='/usr/local/mysql/bin/'
MYSQL_INCLUDES='/usr/local/mysql/include/'
MYSQL_PLUGINS='/usr/local/mysql/lib/plugin'
MYSQL_PLUGIN_OK='yes'
MYSQL_SOURCE='/Users/dacb/mysql/mysql-5.5.11'
OBJEXT='o'
OPENSSL_INCLUDES='-I/opt/local/include  '
OPENSSL_LDFLAGS='-L/opt/local/lib  '
OPENSSL_LIBS='-lssl -lcrypto -lz  '
PACKAGE_BUGREPORT=''
PACKAGE_NAME='e4b'
PACKAGE_STRING='e4b 0.1'
PACKAGE_TARNAME='e4b'
PACKAGE_URL=''
PACKAGE_VERSION='0.1'
PATH_SEPARATOR=':'
PKG_CONFIG='/opt/local/bin/pkg-config'
SHELL='/bin/sh'
ac_ct_CC='gcc'
ac_ct_CXX='g++'
architecture='32'
bindir='${exec_prefix}/bin'
build_alias=''
datadir='${datarootdir}'
datarootdir='${prefix}/share'
docdir='${datarootdir}/doc/${PACKAGE_TARNAME}'
dvidir='${docdir}'
engine='blast_fmt6'
exec_prefix='${prefix}'
host_alias=''
htmldir='${docdir}'
includedir='${prefix}/include'
infodir='${datarootdir}/info'
libdir='${exec_prefix}/lib'
libexecdir='${exec_prefix}/libexec'
localedir='${datarootdir}/locale'
localstatedir='${prefix}/var'
mandir='${datarootdir}/man'
mysql_bin_test='/usr/local/mysql/bin/'
mysqlpackage='no'
mysqlsource='yes'
oldincludedir='/usr/include'
pdfdir='${docdir}'
prefix='/usr/local'
program_transform_name='s,x,x,'
psdir='${docdir}'
sbindir='${exec_prefix}/sbin'
shared='-bundle'
sharedstatedir='${prefix}/com'
sysconfdir='${prefix}/etc'
target_alias=''

## ----------- ##
## confdefs.h. ##
## ----------- ##

/* confdefs.h */
#define PACKAGE_NAME "e4b"
#define PACKAGE_TARNAME "e4b"
#define PACKAGE_VERSION "0.1"
#define PACKAGE_STRING "e4b 0.1"
#define PACKAGE_BUGREPORT ""
#define PACKAGE_URL ""
#define STDC_HEADERS 1
#define HAVE_SYS_TYPES_H 1
#define HAVE_SYS_STAT_H 1
#define HAVE_STDLIB_H 1
#define HAVE_STRING_H 1
#define HAVE_MEMORY_H 1
#define HAVE_STRINGS_H 1
#define HAVE_INTTYPES_H 1
#define HAVE_STDINT_H 1
#define HAVE_UNISTD_H 1

configure: exit 0
